STAR version=2.7.7a
STAR compilation time,server,dir=Mon Dec 28 20:27:20 GMT 2020 :/Users/travis/build/alexdobin/travis-tests/STARcompile/source
##### Command Line:
STAR --runThreadN 1 --genomeDir results/ref/ --readFilesIn data/yeast_R1.fastq data/yeast_R2.fastq --outFileNamePrefix results/02_STAR/yeast --outSAMunmapped Within
##### Initial USER parameters from Command Line:
outFileNamePrefix                 results/02_STAR/yeast
###### All USER parameters from Command Line:
runThreadN                    1     ~RE-DEFINED
genomeDir                     results/ref/     ~RE-DEFINED
readFilesIn                   data/yeast_R1.fastq   data/yeast_R2.fastq        ~RE-DEFINED
outFileNamePrefix             results/02_STAR/yeast     ~RE-DEFINED
outSAMunmapped                Within        ~RE-DEFINED
##### Finished reading parameters from all sources

##### Final user re-defined parameters-----------------:
runThreadN                        1
genomeDir                         results/ref/
readFilesIn                       data/yeast_R1.fastq   data/yeast_R2.fastq   
outFileNamePrefix                 results/02_STAR/yeast
outSAMunmapped                    Within   

-------------------------------
##### Final effective command line:
STAR   --runThreadN 1   --genomeDir results/ref/   --readFilesIn data/yeast_R1.fastq   data/yeast_R2.fastq      --outFileNamePrefix results/02_STAR/yeast   --outSAMunmapped Within   
----------------------------------------

Number of fastq files for each mate = 1
Finished loading and checking parameters
Reading genome generation parameters:
### STAR   --runMode genomeGenerate   --runThreadN 1   --genomeDir results/ref/   --genomeFastaFiles data/yeast.fasta      --genomeSAindexNbases 10   --sjdbGTFfile data/yeast.gtf
### GstrandBit=32
versionGenome                 2.7.4a     ~RE-DEFINED
genomeType                    Full     ~RE-DEFINED
genomeFastaFiles              data/yeast.fasta        ~RE-DEFINED
genomeSAindexNbases           10     ~RE-DEFINED
genomeChrBinNbits             18     ~RE-DEFINED
genomeSAsparseD               1     ~RE-DEFINED
genomeTransformType           None     ~RE-DEFINED
genomeTransformVCF            -     ~RE-DEFINED
sjdbOverhang                  100     ~RE-DEFINED
sjdbFileChrStartEnd           -        ~RE-DEFINED
sjdbGTFfile                   data/yeast.gtf     ~RE-DEFINED
sjdbGTFchrPrefix              -     ~RE-DEFINED
sjdbGTFfeatureExon            exon     ~RE-DEFINED
sjdbGTFtagExonParentTranscripttranscript_id     ~RE-DEFINED
sjdbGTFtagExonParentGene      gene_id     ~RE-DEFINED
sjdbInsertSave                Basic     ~RE-DEFINED
genomeFileSizes               14748806   100860420        ~RE-DEFINED
Genome version is compatible with current STAR
Number of real (reference) chromosomes= 17
1	chrI	230218	0
2	chrII	813184	262144
3	chrIII	316620	1310720
4	chrIV	1531933	1835008
5	chrIX	439888	3407872
6	chrM	85779	3932160
7	chrV	576874	4194304
8	chrVI	270161	4980736
9	chrVII	1090940	5505024
10	chrVIII	562643	6815744
11	chrX	745751	7602176
12	chrXI	666816	8388608
13	chrXII	1078177	9175040
14	chrXIII	924431	10485760
15	chrXIV	784333	11534336
16	chrXV	1091291	12320768
17	chrXVI	948066	13631488
--sjdbOverhang = 100 taken from the generated genome
Started loading the genome: Wed Jan 20 23:29:19 2021

Genome: size given as a parameter = 14748806
SA: size given as a parameter = 100860420
SAindex: size given as a parameter = 1
Read from SAindex: pGe.gSAindexNbases=10  nSAi=1398100
nGenome=14748806;  nSAbyte=100860420
GstrandBit=32   SA number of indices=24451010
Shared memory is not used for genomes. Allocated a private copy of the genome.
Genome file size: 14748806 bytes; state: good=1 eof=0 fail=0 bad=0
Loading Genome ... done! state: good=1 eof=0 fail=0 bad=0; loaded 14748806 bytes
SA file size: 100860420 bytes; state: good=1 eof=0 fail=0 bad=0
Loading SA ... done! state: good=1 eof=0 fail=0 bad=0; loaded 100860420 bytes
Loading SAindex ... done: 6116787 bytes
Finished loading the genome: Wed Jan 20 23:29:19 2021

Sum of all Genome bytes: 30933041
Sum of all SA bytes: 9537507248
Sum of all SAi bytes: 542569129
Processing splice junctions database sjdbN=342,   pGe.sjdbOverhang=100 
alignIntronMax=alignMatesGapMax=0, the max intron size will be approximately determined by (2^winBinNbits)*winAnchorDistNbins=589824
Thread #0 end of input stream, nextChar=-1
Completed: thread #0
ALL DONE!
